VM start event not sent yet: dropping APPDOMAIN_CREATE
[0x7f8c8c435640] Thread started, obj=0x7f8c8c3bc130, tls=0x56024bff3620.
VM start event not sent yet: dropping THREAD_START
[0x7f8c8c435640] Suspended.
[0x7f8c8c435640] Resumed.
[0x7f8c8c34b6c0] Thread started, obj=0x7f8c8c3bc278, tls=0x7f8c840026e0.
VM start event not sent yet: dropping THREAD_START
[0x7f8c8c34b6c0] Suspended.
[0x7f8c8c34b6c0] Resumed.
VM start event not sent yet: dropping ASSEMBLY_LOAD
VM start event not sent yet: dropping TYPE_LOAD
VM start event not sent yet: dropping TYPE_LOAD
VM start event not sent yet: dropping TYPE_LOAD
VM start event not sent yet: dropping TYPE_LOAD
VM start event not sent yet: dropping TYPE_LOAD
VM start event not sent yet: dropping TYPE_LOAD
VM start event not sent yet: dropping TYPE_LOAD
VM start event not sent yet: dropping TYPE_LOAD
[0x7f8c89dff6c0] Thread started, obj=0x7f8c8c3bc3c0, tls=0x7f8c7c0026e0.
VM start event not sent yet: dropping THREAD_START
[0x7f8c89dff6c0] Suspended.
[0x7f8c89dff6c0] Resumed.
Debugger client is not connected: dropping VM_START
[dbg] Agent thread started, pid=0x7f8c89bfe6c0
VM start event not sent yet: dropping APPDOMAIN_CREATE
VM start event not sent yet: dropping TYPE_LOAD
VM start event not sent yet: dropping TYPE_LOAD
VM start event not sent yet: dropping TYPE_LOAD
VM start event not sent yet: dropping TYPE_LOAD
VM start event not sent yet: dropping TYPE_LOAD
VM start event not sent yet: dropping TYPE_LOAD
VM start event not sent yet: dropping TYPE_LOAD
VM start event not sent yet: dropping TYPE_LOAD
VM start event not sent yet: dropping ASSEMBLY_LOAD
VM start event not sent yet: dropping ASSEMBLY_LOAD
VM start event not sent yet: dropping TYPE_LOAD
VM start event not sent yet: dropping TYPE_LOAD
VM start event not sent yet: dropping TYPE_LOAD
[0x7f8c788576c0] Thread started, obj=0x7f8c8c3bc650, tls=0x7f8c340026e0.
VM start event not sent yet: dropping THREAD_START
[0x7f8c788576c0] Suspended.
[0x7f8c788576c0] Resumed.
VM start event not sent yet: dropping TYPE_LOAD
VM start event not sent yet: dropping TYPE_LOAD
VM start event not sent yet: dropping TYPE_LOAD
VM start event not sent yet: dropping TYPE_LOAD
VM start event not sent yet: dropping TYPE_LOAD
VM start event not sent yet: dropping TYPE_LOAD
VM start event not sent yet: dropping TYPE_LOAD
VM start event not sent yet: dropping TYPE_LOAD
VM start event not sent yet: dropping TYPE_LOAD
VM start event not sent yet: dropping TYPE_LOAD
VM start event not sent yet: dropping TYPE_LOAD
VM start event not sent yet: dropping TYPE_LOAD
VM start event not sent yet: dropping TYPE_LOAD
VM start event not sent yet: dropping TYPE_LOAD
VM start event not sent yet: dropping TYPE_LOAD
VM start event not sent yet: dropping TYPE_LOAD
VM start event not sent yet: dropping TYPE_LOAD
VM start event not sent yet: dropping TYPE_LOAD
VM start event not sent yet: dropping TYPE_LOAD
VM start event not sent yet: dropping TYPE_LOAD
VM start event not sent yet: dropping TYPE_LOAD
VM start event not sent yet: dropping TYPE_LOAD
VM start event not sent yet: dropping TYPE_LOAD
VM start event not sent yet: dropping TYPE_LOAD
VM start event not sent yet: dropping ASSEMBLY_UNLOAD
VM start event not sent yet: dropping ASSEMBLY_UNLOAD
VM start event not sent yet: dropping APPDOMAIN_UNLOAD
[0x7f8c788576c0] Thread terminated, obj=0x7f8c8c3bc650, tls=0x7f8c340026e0 (domain=0x56024bf9ec90).
VM start event not sent yet: dropping THREAD_DEATH
Accepted connection on -1
[dbg] Bad client connection
[dbg] Can't attach, aborting debugger thread.
[dbg] Debugger thread exited.
