make all --print-data-base --no-builtin-variables --no-builtin-rules --question
make: *** No rule to make target 'all'.  Stop.

# GNU Make 4.3
# Built for x86_64-pc-linux-gnu
# Copyright (C) 1988-2020 Free Software Foundation, Inc.
# License GPLv3+: GNU GPL version 3 or later <http://gnu.org/licenses/gpl.html>
# This is free software: you are free to change and redistribute it.
# There is NO WARRANTY, to the extent permitted by law.

# Make data base, printed on Fri Aug 26 22:09:55 2022

# Variables

# environment
GDK_BACKEND = x11
# environment
LC_ALL = C
# environment
NO_AT_BRIDGE = 1
# environment
GJS_DEBUG_OUTPUT = stderr
# environment
VSCODE_IPC_HOOK_EXTHOST = /run/user/1000/vscode-ipc-b2cc8380-dd91-49e4-9842-b6fd7281817a.sock
# environment
VSCODE_CWD = /usr/bin
# makefile (from 'Makefile', line 2)
cwd = $(shell pwd)
# environment
WINDOWPATH = 2
# environment
GDM_LANG = en_IE.UTF-8
# default
MAKE_COMMAND := make
# automatic
@D = $(patsubst %/,%,$(dir $@))
# environment
VSCODE_HANDLES_UNCAUGHT_ERRORS = true
# default
.VARIABLES := 
# environment
PWD = /home/koki1019/Desktop/MainProjects/3D Render Engine
# automatic
%D = $(patsubst %/,%,$(dir $%))
# environment
MAIL = /var/spool/mail/koki1019
# environment
XDG_DATA_DIRS = /home/koki1019/.local/share/flatpak/exports/share:/var/lib/flatpak/exports/share:/usr/local/share/:/usr/share/:/var/lib/snapd/desktop
# automatic
^D = $(patsubst %/,%,$(dir $^))
# environment
VSCODE_LOG_STACK = false
# automatic
%F = $(notdir $%)
# environment
VSCODE_CODE_CACHE_PATH = /home/koki1019/.config/Code/CachedData/30d9c6cd9483b2cc586687151bcbcd635f373630
# environment
LANG = C
# environment
XAUTHORITY = /run/user/1000/gdm/Xauthority
# default
.LOADED := 
# default
.INCLUDE_DIRS = /usr/include /usr/local/include /usr/include
# makefile
MAKEFLAGS = pqrR
# makefile
CURDIR := /home/koki1019/Desktop/MainProjects/3D Render Engine
# environment
VSCODE_PIPE_LOGGING = true
# environment
APPLICATION_INSIGHTS_NO_DIAGNOSTIC_CHANNEL = 1
# automatic
*D = $(patsubst %/,%,$(dir $*))
# environment
MFLAGS = -pqrR
# environment
SSH_AUTH_SOCK = /run/user/1000/keyring/ssh
# default
.SHELLFLAGS := -c
# automatic
+D = $(patsubst %/,%,$(dir $+))
# environment
XDG_SESSION_DESKTOP = gnome
# makefile (from 'Makefile', line 1)
MAKEFILE_LIST := Makefile
# automatic
@F = $(notdir $@)
# environment
VSCODE_VERBOSE_LOGGING = true
# environment
VSCODE_PID = 45449
# makefile (from 'Makefile', line 8)
sources = $(wildcard src/*.cpp) $(wildcard src/vendor/*/*.cpp) $(wildcard src/vendor/*/*/*.cpp) $(wildcard src/vendor/*/*/*/*.cpp) $(wildcard src/vendor/*/*/*.c) $(wildcard src/vendor/*/*/*/*.c)
# environment
XDG_SESSION_TYPE = x11
# environment
CUDA_PATH = /opt/cuda
# automatic
?D = $(patsubst %/,%,$(dir $?))
# environment
SESSION_MANAGER = local/koki1019:@/tmp/.ICE-unix/998,unix/koki1019:/tmp/.ICE-unix/998
# automatic
*F = $(notdir $*)
# environment
CHROME_DESKTOP = code-url-handler.desktop
# environment
DBUS_SESSION_BUS_ADDRESS = unix:path=/run/user/1000/bus
# automatic
<D = $(patsubst %/,%,$(dir $<))
# environment
VSCODE_NLS_CONFIG = {"locale":"en-gb","availableLanguages":{},"_languagePackSupport":true}
# environment
ANDROID_SDK_ROOT = /opt/android-sdk
# default
MAKE_HOST := x86_64-pc-linux-gnu
# environment
ANDROID_HOME = /opt/android-sdk
# makefile
SHELL = /bin/sh
# default
MAKECMDGOALS := all
# makefile (from 'Makefile', line 9)
objects = $(sources:.cpp=.o)
# environment
GJS_DEBUG_TOPICS = JS ERROR;JS LOG
# environment
SHLVL = 0
# environment
MAKELEVEL := 0
# default
MAKE = $(MAKE_COMMAND)
# environment
PATH = /home/koki1019/.cargo/bin:/usr/local/sbin:/usr/local/bin:/usr/bin:/home/koki1019/.dotnet:/opt/android-sdk/tools:/opt/android-sdk/tools/bin:/opt/cuda/bin:/opt/cuda/nsight_compute:/opt/cuda/nsight_systems/bin:/var/lib/flatpak/exports/bin:/usr/lib/jvm/default/bin:/usr/bin/site_perl:/usr/bin/vendor_perl:/usr/bin/core_perl:/var/lib/snapd/snap/bin:/snap/bin/:/home/koki1019/.dotnet:/home/koki1019/.custom_utilities:/home/koki1019/VSCode
# default
MAKEFILES := 
# environment
MOTD_SHOWN = pam
# automatic
^F = $(notdir $^)
# environment
HAXE_STD_PATH = /usr/share/haxe/std
# environment
INVOCATION_ID = 4a6ff16ee23d44729a55c78c651a6c3f
# environment
VSCODE_LOG_NATIVE = false
# environment
USERNAME = koki1019
# automatic
?F = $(notdir $?)
# makefile (from 'Makefile', line 1)
exec = main.out
# environment
XDG_CURRENT_DESKTOP = GNOME
# automatic
+F = $(notdir $+)
# environment
DESKTOP_SESSION = gnome
# environment
ORIGINAL_XDG_CURRENT_DESKTOP = GNOME
# 'override' directive
GNUMAKEFLAGS := 
# environment
LOGNAME = koki1019
# environment
GIO_LAUNCHED_DESKTOP_FILE = /usr/share/applications/code.desktop
# makefile
.DEFAULT_GOAL := main.out
# environment
SYSTEMD_EXEC_PID = 1013
# environment
DISPLAY = :1
# environment
USER = koki1019
# default
MAKE_VERSION := 4.3
# environment
MANAGERPID = 891
# environment
GIO_LAUNCHED_DESKTOP_FILE_PID = 45449
# environment
_ = /usr/bin/make
# environment
XDG_RUNTIME_DIR = /run/user/1000
# environment
JOURNAL_STREAM = 8:22404
# environment
XDG_SESSION_CLASS = user
# environment
VSCODE_AMD_ENTRYPOINT = vs/workbench/api/node/extensionHostProcess
# environment
HOME = /home/koki1019
# environment
ELECTRON_RUN_AS_NODE = 1
# environment
VSCODE_IPC_HOOK = /run/user/1000/vscode-af2119b9-1.68.1-main.sock
# default
.RECIPEPREFIX := 
# automatic
<F = $(notdir $<)
# default
SUFFIXES := 
# default
.FEATURES := target-specific order-only second-expansion else-if shortest-stem undefine oneshell nocomment grouped-target extra-prereqs archives jobserver output-sync check-symlink guile load
# environment
XDG_MENU_PREFIX = gnome-
# makefile (from 'Makefile', line 11)
flags = -std=c++20 -g -lGL -lGLU -lglfw -lm -lSDL2_mixer -lassimp -lXrandr -lXi -lbox2d -lX11 -lXxf86vm -lpthread -ldl -lXinerama -lXcursor -lGLEW `pkg-config --cflags --libs mono-2` -L. -lhyper
# environment
GDMSESSION = gnome
# variable set hash-table stats:
# Load=98/1024=10%, Rehash=0, Collisions=16/141=11%

# Pattern-specific Variable Values

# No pattern-specific variable values.

# Directories

# src/vendor/glad (device 2050, inode 44053704): 4 files, no impossibilities.
# src/vendor/imgui (device 2050, inode 56885840): 34 files, no impossibilities.
# src/vendor/glm/detail (device 2050, inode 56885438): 64 files, no impossibilities.
# src/vendor/glad/include (device 2050, inode 45367470): 4 files, no impossibilities.
# src/vendor/glm/gtc (device 2050, inode 56885665): 40 files, no impossibilities.
# src/vendor/glm/ext (device 2050, inode 56885501): 165 files, no impossibilities.
# src/vendor/glm/simd (device 2050, inode 56885829): 12 files, no impossibilities.
# src (device 2050, inode 44053696): 6 files, no impossibilities.
# src/vendor/glad/include/glad (device 2050, inode 56361348): 3 files, no impossibilities.
# src/vendor/stb_image (device 2050, inode 56885878): 5 files, no impossibilities.
# src/vendor/glad/src (device 2050, inode 56626522): 3 files, no impossibilities.
# src/vendor/glad/include/KHR (device 2050, inode 56361346): 3 files, no impossibilities.
# . (device 2050, inode 44053635): 15 files, no impossibilities.
# src/vendor (device 2050, inode 44053697): 7 files, no impossibilities.
# src/vendor/glm (device 2050, inode 56626526): 31 files, no impossibilities.
# src/vendor/glm/gtx (device 2050, inode 56885704): 126 files, no impossibilities.
# src/vendor/json (device 2050, inode 56885876): 3 files, no impossibilities.
# lib (device 2050, inode 58460607): No files, no impossibilities so far.
# src/vendor/imgui/vulkan (device 2050, inode 56885872): 5 files, no impossibilities.

# 530 files, no impossibilities in 19 directories.

# Implicit Rules

%.o: %.cpp lib/%.h
#  recipe to execute (from 'Makefile', line 20):
	g++ -c $(flags) $< -o $@

# 1 implicit rules, 0 (0.0%) terminal.
# Files

# Not a target:
src/vendor/imgui/imgui.o:
#  Implicit rule search has not been done.
#  Modification time never checked.
#  File has not been updated.

# Not a target:
src/vendor/imgui/imgui_impl_opengl2.o:
#  Implicit rule search has not been done.
#  Modification time never checked.
#  File has not been updated.

# Not a target:
src/vendor/imgui/imgui_tables.o:
#  Implicit rule search has not been done.
#  Modification time never checked.
#  File has not been updated.

# Not a target:
src/vendor/imgui/imgui_widgets.o:
#  Implicit rule search has not been done.
#  Modification time never checked.
#  File has not been updated.

# Not a target:
src/vendor/imgui/imgui_impl_glfw.o:
#  Implicit rule search has not been done.
#  Modification time never checked.
#  File has not been updated.

# Not a target:
Makefile:
#  Implicit rule search has been done.
#  Last modified 2022-08-25 01:13:41.782936758
#  File has been updated.
#  Successfully updated.

# Not a target:
src/vendor/glad/src/glad.c:
#  Implicit rule search has not been done.
#  Modification time never checked.
#  File has not been updated.

clean:
#  Implicit rule search has not been done.
 
#  Modification time never checked.
#  File has not been updated.
#  recipe to execute (from 'Makefile', line 27):
	-rm src/*.o
	-rm *.o

# Not a target:
src/vendor/imgui/imgui_draw.o:
#  Implicit rule search has not been done.
#  Modification time never checked.
#  File has not been updated.

# Not a target:
src/main.o:
#  Implicit rule search has not been done.
#  Modification time never checked.
#  File has not been updated.

# Not a target:
.DEFAULT:
#  Implicit rule search has not been done.
#  Modification time never checked.
#  File has not been updated.

# Not a target:
src/vendor/glm/detail/glm.o:
#  Implicit rule search has not been done.
#  Modification time never checked.
#  File has not been updated.

# Not a target:
all:
#  Command line target.
#  Implicit rule search has been done.
#  File does not exist.
#  File has not been updated.

main.out: src/main.o src/vendor/imgui/imgui.o src/vendor/imgui/imgui_demo.o src/vendor/imgui/imgui_draw.o src/vendor/imgui/imgui_impl_glfw.o src/vendor/imgui/imgui_impl_opengl2.o src/vendor/imgui/imgui_impl_opengl3.o src/vendor/imgui/imgui_tables.o src/vendor/imgui/imgui_widgets.o src/vendor/stb_image/stb_image.o src/vendor/glm/detail/glm.o src/vendor/glad/src/glad.c
#  Implicit rule search has not been done.
#  Modification time never checked.
#  File has not been updated.
#  recipe to execute (from 'Makefile', line 15):
	g++ $(objects) $(flags) -o $(exec)
	clear
	./main.out

# Not a target:
src/vendor/stb_image/stb_image.o:
#  Implicit rule search has not been done.
#  Modification time never checked.
#  File has not been updated.

install:
#  Implicit rule search has not been done.
#  Modification time never checked.
#  File has not been updated.
#  recipe to execute (from 'Makefile', line 23):
	make
	cp ./hello.out /usr/local/bin/hello

# Not a target:
src/vendor/imgui/imgui_impl_opengl3.o:
#  Implicit rule search has not been done.
#  Modification time never checked.
#  File has not been updated.

# Not a target:
src/vendor/imgui/imgui_demo.o:
#  Implicit rule search has not been done.
#  Modification time never checked.
#  File has not been updated.

# files hash-table stats:
# Load=19/1024=2%, Rehash=0, Collisions=0/41=0%
# VPATH Search Paths

# No 'vpath' search paths.

# No general ('VPATH' variable) search path.

# strcache buffers: 2 (1) / strings = 516 / storage = 9183 B / avg = 17 B
# current buf: size = 8162 B / used = 1022 B / count = 53 / avg = 19 B
# other used: total = 8161 B / count = 463 / avg = 17 B
# other free: total = 1 B / max = 1 B / min = 1 B / avg = 1 B

# strcache performance: lookups = 578 / hit rate = 10%
# hash-table stats:
# Load=516/8192=6%, Rehash=0, Collisions=16/578=3%
# Finished Make data base on Fri Aug 26 22:09:55 2022

 
